<?xml version="1.0" encoding="UTF-8"?>
<robot generator="Robot 5.0.1 (Python 3.10.5 on darwin)" generated="20220706 19:08:12.284" rpa="false" schemaversion="3">
<suite id="s1" name="Chico" source="/Users/Rafa/Library/CloudStorage/OneDrive-Pessoal/Documentos/Documentos pessoais/Cursos/Cetified-Tech-Developer/Testing/ProvaTestingII/chico.robot">
<test id="s1-t1" name="Processo de compra de uma camiseta &quot;Vira lata caramelo&quot; no site do Chico Rei" line="8">
<kw name="Clicar em &quot;Concordar&quot; no aviso sobre Cookies" library="chico">
<kw name="Open Browser" library="SeleniumLibrary">
<arg>${SITE}</arg>
<arg>${NAVEGADOR}</arg>
<doc>Opens a new browser instance to the optional ``url``.</doc>
<msg timestamp="20220706 19:08:12.610" level="INFO">Opening browser 'Chrome' to base url 'https://chicorei.com/'.</msg>
<status status="PASS" starttime="20220706 19:08:12.610" endtime="20220706 19:08:18.942"/>
</kw>
<kw name="Maximize Browser Window" library="SeleniumLibrary">
<doc>Maximizes current browser window.</doc>
<status status="PASS" starttime="20220706 19:08:18.943" endtime="20220706 19:08:19.234"/>
</kw>
<kw name="Click Element" library="SeleniumLibrary">
<arg>${BOTAOCOOKIE}</arg>
<doc>Click the element identified by ``locator``.</doc>
<msg timestamp="20220706 19:08:19.236" level="INFO">Clicking element 'xpath=//button[@id='confirmPolicyButton']'.</msg>
<status status="PASS" starttime="20220706 19:08:19.234" endtime="20220706 19:08:19.791"/>
</kw>
<status status="PASS" starttime="20220706 19:08:12.609" endtime="20220706 19:08:19.792"/>
</kw>
<kw name="Pesquisar por &quot;Vira lata caramelo&quot; e selecionar a primeira opção da lista de resultados" library="chico">
<kw name="Sleep" library="BuiltIn">
<arg>2</arg>
<doc>Pauses the test executed for the given time.</doc>
<msg timestamp="20220706 19:08:21.796" level="INFO">Slept 2 seconds</msg>
<status status="PASS" starttime="20220706 19:08:19.794" endtime="20220706 19:08:21.796"/>
</kw>
<kw name="Click Element" library="SeleniumLibrary">
<arg>${CLICACAMPOPESQUISA}</arg>
<doc>Click the element identified by ``locator``.</doc>
<msg timestamp="20220706 19:08:21.796" level="INFO">Clicking element 'xpath=//div[@id='header-search-desktop']/form/div/label/input'.</msg>
<status status="PASS" starttime="20220706 19:08:21.796" endtime="20220706 19:08:21.875"/>
</kw>
<kw name="Input Text" library="SeleniumLibrary">
<arg>${DIGITATEXTO}</arg>
<arg>Vira lata caramelo</arg>
<doc>Types the given ``text`` into the text field identified by ``locator``.</doc>
<msg timestamp="20220706 19:08:21.875" level="INFO">Typing text 'Vira lata caramelo' into text field 'css=#header-search-input-desktop'.</msg>
<status status="PASS" starttime="20220706 19:08:21.875" endtime="20220706 19:08:22.193"/>
</kw>
<kw name="Sleep" library="BuiltIn">
<arg>2</arg>
<doc>Pauses the test executed for the given time.</doc>
<msg timestamp="20220706 19:08:24.195" level="INFO">Slept 2 seconds</msg>
<status status="PASS" starttime="20220706 19:08:22.194" endtime="20220706 19:08:24.195"/>
</kw>
<kw name="Wait Until Element Is Visible" library="SeleniumLibrary">
<arg>${SELECTPRIMEIROITEM}</arg>
<doc>Waits until the element ``locator`` is visible.</doc>
<status status="PASS" starttime="20220706 19:08:24.195" endtime="20220706 19:08:24.224"/>
</kw>
<kw name="Sleep" library="BuiltIn">
<arg>5</arg>
<doc>Pauses the test executed for the given time.</doc>
<msg timestamp="20220706 19:08:29.225" level="INFO">Slept 5 seconds</msg>
<status status="PASS" starttime="20220706 19:08:24.224" endtime="20220706 19:08:29.225"/>
</kw>
<kw name="Click Element" library="SeleniumLibrary">
<arg>${SELECTPRIMEIROITEM}</arg>
<doc>Click the element identified by ``locator``.</doc>
<msg timestamp="20220706 19:08:29.226" level="INFO">Clicking element 'xpath=//div[@id='header-search-desktop']/form/div/div/div/div/div/div[2]/div'.</msg>
<status status="PASS" starttime="20220706 19:08:29.225" endtime="20220706 19:08:31.222"/>
</kw>
<status status="PASS" starttime="20220706 19:08:19.793" endtime="20220706 19:08:31.223"/>
</kw>
<kw name="Validar se o valor do produto é &quot;R$ 69,99&quot;" library="chico">
<kw name="Sleep" library="BuiltIn">
<arg>3</arg>
<doc>Pauses the test executed for the given time.</doc>
<msg timestamp="20220706 19:08:34.224" level="INFO">Slept 3 seconds</msg>
<status status="PASS" starttime="20220706 19:08:31.224" endtime="20220706 19:08:34.224"/>
</kw>
<kw name="Element Should Contain" library="SeleniumLibrary">
<arg>${VALIDAPRECO}</arg>
<arg>R$ 69,99</arg>
<doc>Verifies that element ``locator`` contains text ``expected``.</doc>
<msg timestamp="20220706 19:08:34.261" level="INFO">Element 'xpath=//div[@id='product-main-right']/div/div[2]/div/p' contains text 'R$ 69,99'.</msg>
<status status="PASS" starttime="20220706 19:08:34.225" endtime="20220706 19:08:34.262"/>
</kw>
<status status="PASS" starttime="20220706 19:08:31.223" endtime="20220706 19:08:34.262"/>
</kw>
<kw name="Selecionar tamanho, cor e clicar em comprar" library="chico">
<kw name="Sleep" library="BuiltIn">
<arg>5</arg>
<doc>Pauses the test executed for the given time.</doc>
<msg timestamp="20220706 19:08:39.264" level="INFO">Slept 5 seconds</msg>
<status status="PASS" starttime="20220706 19:08:34.263" endtime="20220706 19:08:39.264"/>
</kw>
<kw name="Run Keyword And Ignore Error" library="BuiltIn">
<arg>Scroll Element Into View</arg>
<arg>${COMPRAR}</arg>
<doc>Runs the given keyword with the given arguments and ignores possible error.</doc>
<kw name="Scroll Element Into View" library="SeleniumLibrary">
<arg>${COMPRAR}</arg>
<doc>Scrolls the element identified by ``locator`` into view.</doc>
<msg timestamp="20220706 19:08:40.029" level="INFO" html="true">&lt;/td&gt;&lt;/tr&gt;&lt;tr&gt;&lt;td colspan="3"&gt;&lt;a href="selenium-screenshot-32.png"&gt;&lt;img src="selenium-screenshot-32.png" width="800px"&gt;&lt;/a&gt;</msg>
<msg timestamp="20220706 19:08:40.030" level="FAIL">MoveTargetOutOfBoundsException: Message: move target out of bounds
  (Session info: chrome=103.0.5060.53)
Stacktrace:
0   chromedriver                        0x0000000101a80079 chromedriver + 4444281
1   chromedriver                        0x0000000101a0c403 chromedriver + 3970051
2   chromedriver                        0x00000001016a6eef chromedriver + 409327
3   chromedriver                        0x0000000101715a1c chromedriver + 862748
4   chromedriver                        0x00000001016fa792 chromedriver + 751506
5   chromedriver                        0x000000010170d221 chromedriver + 827937
6   chromedriver                        0x00000001016fa683 chromedriver + 751235
7   chromedriver                        0x00000001016d0a45 chromedriver + 580165
8   chromedriver                        0x00000001016d1a95 chromedriver + 584341
9   chromedriver                        0x0000000101a5155d chromedriver + 4253021
10  chromedriver                        0x0000000101a563a1 chromedriver + 4273057
11  chromedriver                        0x0000000101a5b16f chromedriver + 4292975
12  chromedriver                        0x0000000101a56dea chromedriver + 4275690
13  chromedriver                        0x0000000101a3054f chromedriver + 4117839
14  chromedriver                        0x0000000101a70ed8 chromedriver + 4382424
15  chromedriver                        0x0000000101a7105f chromedriver + 4382815
16  chromedriver                        0x0000000101a878d5 chromedriver + 4475093
17  libsystem_pthread.dylib             0x00007ff81dc5f4e1 _pthread_start + 125
18  libsystem_pthread.dylib             0x00007ff81dc5af6b thread_start + 15
</msg>
<status status="FAIL" starttime="20220706 19:08:39.265" endtime="20220706 19:08:40.037"/>
</kw>
<status status="PASS" starttime="20220706 19:08:39.264" endtime="20220706 19:08:40.037"/>
</kw>
<kw name="Sleep" library="BuiltIn">
<arg>3</arg>
<doc>Pauses the test executed for the given time.</doc>
<msg timestamp="20220706 19:08:43.038" level="INFO">Slept 3 seconds</msg>
<status status="PASS" starttime="20220706 19:08:40.037" endtime="20220706 19:08:43.038"/>
</kw>
<kw name="Click Element" library="SeleniumLibrary">
<arg>${TIPOCAMISA}</arg>
<doc>Click the element identified by ``locator``.</doc>
<msg timestamp="20220706 19:08:43.039" level="INFO">Clicking element 'css=.inline-block:nth-child(2) .cr-option:nth-child(1)'.</msg>
<status status="PASS" starttime="20220706 19:08:43.038" endtime="20220706 19:08:43.100"/>
</kw>
<kw name="Sleep" library="BuiltIn">
<arg>1</arg>
<doc>Pauses the test executed for the given time.</doc>
<msg timestamp="20220706 19:08:44.100" level="INFO">Slept 1 second</msg>
<status status="PASS" starttime="20220706 19:08:43.100" endtime="20220706 19:08:44.100"/>
</kw>
<kw name="Click Element" library="SeleniumLibrary">
<arg>${TAMANHO}</arg>
<doc>Click the element identified by ``locator``.</doc>
<msg timestamp="20220706 19:08:44.101" level="INFO">Clicking element 'css=.cr-option-squared:nth-child(2)'.</msg>
<status status="PASS" starttime="20220706 19:08:44.101" endtime="20220706 19:08:44.154"/>
</kw>
<kw name="Sleep" library="BuiltIn">
<arg>1</arg>
<doc>Pauses the test executed for the given time.</doc>
<msg timestamp="20220706 19:08:45.155" level="INFO">Slept 1 second</msg>
<status status="PASS" starttime="20220706 19:08:44.154" endtime="20220706 19:08:45.155"/>
</kw>
<kw name="Click Element" library="SeleniumLibrary">
<arg>${COR}</arg>
<doc>Click the element identified by ``locator``.</doc>
<msg timestamp="20220706 19:08:45.156" level="INFO">Clicking element 'css=.cr-option:nth-child(1) &gt; .product-color-option'.</msg>
<status status="PASS" starttime="20220706 19:08:45.155" endtime="20220706 19:08:45.215"/>
</kw>
<kw name="Sleep" library="BuiltIn">
<arg>1</arg>
<doc>Pauses the test executed for the given time.</doc>
<msg timestamp="20220706 19:08:46.217" level="INFO">Slept 1 second</msg>
<status status="PASS" starttime="20220706 19:08:45.215" endtime="20220706 19:08:46.217"/>
</kw>
<kw name="Click Element" library="SeleniumLibrary">
<arg>${COMPRAR}</arg>
<doc>Click the element identified by ``locator``.</doc>
<msg timestamp="20220706 19:08:46.218" level="INFO">Clicking element 'xpath=//div[@id='product-buy-button-container']/button/span[2]'.</msg>
<status status="PASS" starttime="20220706 19:08:46.218" endtime="20220706 19:08:46.324"/>
</kw>
<status status="PASS" starttime="20220706 19:08:34.262" endtime="20220706 19:08:46.324"/>
</kw>
<kw name="Clicar em &quot;Ver sacola&quot;" library="chico">
<kw name="Sleep" library="BuiltIn">
<arg>2</arg>
<doc>Pauses the test executed for the given time.</doc>
<msg timestamp="20220706 19:08:48.329" level="INFO">Slept 2 seconds</msg>
<status status="PASS" starttime="20220706 19:08:46.326" endtime="20220706 19:08:48.329"/>
</kw>
<kw name="Click Element" library="SeleniumLibrary">
<arg>${VERSACOLA}</arg>
<doc>Click the element identified by ``locator``.</doc>
<msg timestamp="20220706 19:08:48.329" level="INFO">Clicking element 'xpath=//div[@id='header-cart-desktop']/div/a/div'.</msg>
<status status="PASS" starttime="20220706 19:08:48.329" endtime="20220706 19:08:49.805"/>
</kw>
<status status="PASS" starttime="20220706 19:08:46.325" endtime="20220706 19:08:49.805"/>
</kw>
<kw name="Validar se a mensagem &quot;VOCÊ ESTÁ ACUMULANDO 1 PONTO NO CARTÃO FIDELIDADE!&quot; está sendo exibida" library="chico">
<kw name="Sleep" library="BuiltIn">
<arg>3</arg>
<doc>Pauses the test executed for the given time.</doc>
<msg timestamp="20220706 19:08:52.807" level="INFO">Slept 3 seconds</msg>
<status status="PASS" starttime="20220706 19:08:49.807" endtime="20220706 19:08:52.807"/>
</kw>
<kw name="Element Should Contain" library="SeleniumLibrary">
<arg>${VALIDALOYALTY}</arg>
<arg>VOCÊ ESTÁ ACUMULANDO 1 PONTO NO CARTÃO FIDELIDADE!</arg>
<doc>Verifies that element ``locator`` contains text ``expected``.</doc>
<msg timestamp="20220706 19:08:52.831" level="INFO">Element 'css=#cart-loyalty &gt; .mx-0' contains text 'VOCÊ ESTÁ ACUMULANDO 1 PONTO NO CARTÃO FIDELIDADE!'.</msg>
<status status="PASS" starttime="20220706 19:08:52.808" endtime="20220706 19:08:52.831"/>
</kw>
<status status="PASS" starttime="20220706 19:08:49.806" endtime="20220706 19:08:52.831"/>
</kw>
<kw name="Clicar em &quot;Fechar pedido&quot;" library="chico">
<kw name="Sleep" library="BuiltIn">
<arg>2</arg>
<doc>Pauses the test executed for the given time.</doc>
<msg timestamp="20220706 19:08:54.833" level="INFO">Slept 2 seconds</msg>
<status status="PASS" starttime="20220706 19:08:52.831" endtime="20220706 19:08:54.833"/>
</kw>
<kw name="Click Element" library="SeleniumLibrary">
<arg>${FECHARPEDIDO}</arg>
<doc>Click the element identified by ``locator``.</doc>
<msg timestamp="20220706 19:08:54.834" level="INFO">Clicking element 'xpath=//div[@id='cart-finish']/button[2]'.</msg>
<status status="PASS" starttime="20220706 19:08:54.833" endtime="20220706 19:08:56.323"/>
</kw>
<kw name="Sleep" library="BuiltIn">
<arg>2</arg>
<doc>Pauses the test executed for the given time.</doc>
<msg timestamp="20220706 19:08:58.323" level="INFO">Slept 2 seconds</msg>
<status status="PASS" starttime="20220706 19:08:56.323" endtime="20220706 19:08:58.323"/>
</kw>
<kw name="Close Browser" library="SeleniumLibrary">
<doc>Closes the current browser.</doc>
<status status="PASS" starttime="20220706 19:08:58.324" endtime="20220706 19:08:58.677"/>
</kw>
<status status="PASS" starttime="20220706 19:08:52.831" endtime="20220706 19:08:58.677"/>
</kw>
<status status="PASS" starttime="20220706 19:08:12.608" endtime="20220706 19:08:58.678"/>
</test>
<test id="s1-t2" name="Processo de compra de uma camiseta &quot;Amarelo é Desespero&quot; no site do Chico Rei" line="17">
<kw name="Clicar em &quot;Concordar&quot; no aviso sobre Cookies" library="chico">
<kw name="Open Browser" library="SeleniumLibrary">
<arg>${SITE}</arg>
<arg>${NAVEGADOR}</arg>
<doc>Opens a new browser instance to the optional ``url``.</doc>
<msg timestamp="20220706 19:08:58.683" level="INFO">Opening browser 'Chrome' to base url 'https://chicorei.com/'.</msg>
<status status="PASS" starttime="20220706 19:08:58.682" endtime="20220706 19:09:02.624"/>
</kw>
<kw name="Maximize Browser Window" library="SeleniumLibrary">
<doc>Maximizes current browser window.</doc>
<status status="PASS" starttime="20220706 19:09:02.625" endtime="20220706 19:09:03.615"/>
</kw>
<kw name="Click Element" library="SeleniumLibrary">
<arg>${BOTAOCOOKIE}</arg>
<doc>Click the element identified by ``locator``.</doc>
<msg timestamp="20220706 19:09:03.616" level="INFO">Clicking element 'xpath=//button[@id='confirmPolicyButton']'.</msg>
<status status="PASS" starttime="20220706 19:09:03.615" endtime="20220706 19:09:03.889"/>
</kw>
<status status="PASS" starttime="20220706 19:08:58.682" endtime="20220706 19:09:03.889"/>
</kw>
<kw name="Pesquisar por &quot;Amarelo é desespero&quot; e selecionar a primeira opção da lista de resultados" library="chico">
<kw name="Sleep" library="BuiltIn">
<arg>2</arg>
<doc>Pauses the test executed for the given time.</doc>
<msg timestamp="20220706 19:09:05.891" level="INFO">Slept 2 seconds</msg>
<status status="PASS" starttime="20220706 19:09:03.891" endtime="20220706 19:09:05.891"/>
</kw>
<kw name="Click Element" library="SeleniumLibrary">
<arg>${CLICACAMPOPESQUISA}</arg>
<doc>Click the element identified by ``locator``.</doc>
<msg timestamp="20220706 19:09:05.892" level="INFO">Clicking element 'xpath=//div[@id='header-search-desktop']/form/div/label/input'.</msg>
<status status="PASS" starttime="20220706 19:09:05.892" endtime="20220706 19:09:05.973"/>
</kw>
<kw name="Input Text" library="SeleniumLibrary">
<arg>${DIGITATEXTO}</arg>
<arg>Amarelo é desespero</arg>
<doc>Types the given ``text`` into the text field identified by ``locator``.</doc>
<msg timestamp="20220706 19:09:05.974" level="INFO">Typing text 'Amarelo é desespero' into text field 'css=#header-search-input-desktop'.</msg>
<status status="PASS" starttime="20220706 19:09:05.973" endtime="20220706 19:09:06.280"/>
</kw>
<kw name="Sleep" library="BuiltIn">
<arg>2</arg>
<doc>Pauses the test executed for the given time.</doc>
<msg timestamp="20220706 19:09:08.280" level="INFO">Slept 2 seconds</msg>
<status status="PASS" starttime="20220706 19:09:06.280" endtime="20220706 19:09:08.280"/>
</kw>
<kw name="Wait Until Element Is Visible" library="SeleniumLibrary">
<arg>${SELECTPRIMEIROITEM}</arg>
<doc>Waits until the element ``locator`` is visible.</doc>
<status status="PASS" starttime="20220706 19:09:08.281" endtime="20220706 19:09:08.304"/>
</kw>
<kw name="Sleep" library="BuiltIn">
<arg>2</arg>
<doc>Pauses the test executed for the given time.</doc>
<msg timestamp="20220706 19:09:10.304" level="INFO">Slept 2 seconds</msg>
<status status="PASS" starttime="20220706 19:09:08.304" endtime="20220706 19:09:10.305"/>
</kw>
<kw name="Click Element" library="SeleniumLibrary">
<arg>${SELECTPRIMEIROITEM}</arg>
<doc>Click the element identified by ``locator``.</doc>
<msg timestamp="20220706 19:09:10.305" level="INFO">Clicking element 'xpath=//div[@id='header-search-desktop']/form/div/div/div/div/div/div[2]/div'.</msg>
<status status="PASS" starttime="20220706 19:09:10.305" endtime="20220706 19:09:12.130"/>
</kw>
<status status="PASS" starttime="20220706 19:09:03.890" endtime="20220706 19:09:12.130"/>
</kw>
<kw name="Validar se o valor do produto é &quot;R$ 69,99&quot;" library="chico">
<kw name="Sleep" library="BuiltIn">
<arg>3</arg>
<doc>Pauses the test executed for the given time.</doc>
<msg timestamp="20220706 19:09:15.132" level="INFO">Slept 3 seconds</msg>
<status status="PASS" starttime="20220706 19:09:12.131" endtime="20220706 19:09:15.132"/>
</kw>
<kw name="Element Should Contain" library="SeleniumLibrary">
<arg>${VALIDAPRECO}</arg>
<arg>R$ 69,99</arg>
<doc>Verifies that element ``locator`` contains text ``expected``.</doc>
<msg timestamp="20220706 19:09:15.157" level="INFO">Element 'xpath=//div[@id='product-main-right']/div/div[2]/div/p' contains text 'R$ 69,99'.</msg>
<status status="PASS" starttime="20220706 19:09:15.132" endtime="20220706 19:09:15.157"/>
</kw>
<status status="PASS" starttime="20220706 19:09:12.131" endtime="20220706 19:09:15.157"/>
</kw>
<kw name="Selecionar tamanho, cor e clicar em comprar" library="chico">
<kw name="Sleep" library="BuiltIn">
<arg>5</arg>
<doc>Pauses the test executed for the given time.</doc>
<msg timestamp="20220706 19:09:20.159" level="INFO">Slept 5 seconds</msg>
<status status="PASS" starttime="20220706 19:09:15.158" endtime="20220706 19:09:20.159"/>
</kw>
<kw name="Run Keyword And Ignore Error" library="BuiltIn">
<arg>Scroll Element Into View</arg>
<arg>${COMPRAR}</arg>
<doc>Runs the given keyword with the given arguments and ignores possible error.</doc>
<kw name="Scroll Element Into View" library="SeleniumLibrary">
<arg>${COMPRAR}</arg>
<doc>Scrolls the element identified by ``locator`` into view.</doc>
<msg timestamp="20220706 19:09:21.193" level="INFO" html="true">&lt;/td&gt;&lt;/tr&gt;&lt;tr&gt;&lt;td colspan="3"&gt;&lt;a href="selenium-screenshot-33.png"&gt;&lt;img src="selenium-screenshot-33.png" width="800px"&gt;&lt;/a&gt;</msg>
<msg timestamp="20220706 19:09:21.193" level="FAIL">MoveTargetOutOfBoundsException: Message: move target out of bounds
  (Session info: chrome=103.0.5060.53)
Stacktrace:
0   chromedriver                        0x0000000102215079 chromedriver + 4444281
1   chromedriver                        0x00000001021a1403 chromedriver + 3970051
2   chromedriver                        0x0000000101e3beef chromedriver + 409327
3   chromedriver                        0x0000000101eaaa1c chromedriver + 862748
4   chromedriver                        0x0000000101e8f792 chromedriver + 751506
5   chromedriver                        0x0000000101ea2221 chromedriver + 827937
6   chromedriver                        0x0000000101e8f683 chromedriver + 751235
7   chromedriver                        0x0000000101e65a45 chromedriver + 580165
8   chromedriver                        0x0000000101e66a95 chromedriver + 584341
9   chromedriver                        0x00000001021e655d chromedriver + 4253021
10  chromedriver                        0x00000001021eb3a1 chromedriver + 4273057
11  chromedriver                        0x00000001021f016f chromedriver + 4292975
12  chromedriver                        0x00000001021ebdea chromedriver + 4275690
13  chromedriver                        0x00000001021c554f chromedriver + 4117839
14  chromedriver                        0x0000000102205ed8 chromedriver + 4382424
15  chromedriver                        0x000000010220605f chromedriver + 4382815
16  chromedriver                        0x000000010221c8d5 chromedriver + 4475093
17  libsystem_pthread.dylib             0x00007ff81dc5f4e1 _pthread_start + 125
18  libsystem_pthread.dylib             0x00007ff81dc5af6b thread_start + 15
</msg>
<status status="FAIL" starttime="20220706 19:09:20.160" endtime="20220706 19:09:21.193"/>
</kw>
<status status="PASS" starttime="20220706 19:09:20.159" endtime="20220706 19:09:21.194"/>
</kw>
<kw name="Sleep" library="BuiltIn">
<arg>3</arg>
<doc>Pauses the test executed for the given time.</doc>
<msg timestamp="20220706 19:09:24.195" level="INFO">Slept 3 seconds</msg>
<status status="PASS" starttime="20220706 19:09:21.194" endtime="20220706 19:09:24.195"/>
</kw>
<kw name="Click Element" library="SeleniumLibrary">
<arg>${TIPOCAMISA}</arg>
<doc>Click the element identified by ``locator``.</doc>
<msg timestamp="20220706 19:09:24.196" level="INFO">Clicking element 'css=.inline-block:nth-child(2) .cr-option:nth-child(1)'.</msg>
<status status="PASS" starttime="20220706 19:09:24.195" endtime="20220706 19:09:24.249"/>
</kw>
<kw name="Sleep" library="BuiltIn">
<arg>1</arg>
<doc>Pauses the test executed for the given time.</doc>
<msg timestamp="20220706 19:09:25.251" level="INFO">Slept 1 second</msg>
<status status="PASS" starttime="20220706 19:09:24.250" endtime="20220706 19:09:25.251"/>
</kw>
<kw name="Click Element" library="SeleniumLibrary">
<arg>${TAMANHO}</arg>
<doc>Click the element identified by ``locator``.</doc>
<msg timestamp="20220706 19:09:25.252" level="INFO">Clicking element 'css=.cr-option-squared:nth-child(2)'.</msg>
<status status="PASS" starttime="20220706 19:09:25.251" endtime="20220706 19:09:25.324"/>
</kw>
<kw name="Sleep" library="BuiltIn">
<arg>1</arg>
<doc>Pauses the test executed for the given time.</doc>
<msg timestamp="20220706 19:09:26.325" level="INFO">Slept 1 second</msg>
<status status="PASS" starttime="20220706 19:09:25.324" endtime="20220706 19:09:26.326"/>
</kw>
<kw name="Click Element" library="SeleniumLibrary">
<arg>${COR}</arg>
<doc>Click the element identified by ``locator``.</doc>
<msg timestamp="20220706 19:09:26.326" level="INFO">Clicking element 'css=.cr-option:nth-child(1) &gt; .product-color-option'.</msg>
<status status="PASS" starttime="20220706 19:09:26.326" endtime="20220706 19:09:26.478"/>
</kw>
<kw name="Sleep" library="BuiltIn">
<arg>1</arg>
<doc>Pauses the test executed for the given time.</doc>
<msg timestamp="20220706 19:09:27.479" level="INFO">Slept 1 second</msg>
<status status="PASS" starttime="20220706 19:09:26.478" endtime="20220706 19:09:27.479"/>
</kw>
<kw name="Click Element" library="SeleniumLibrary">
<arg>${COMPRAR}</arg>
<doc>Click the element identified by ``locator``.</doc>
<msg timestamp="20220706 19:09:27.480" level="INFO">Clicking element 'xpath=//div[@id='product-buy-button-container']/button/span[2]'.</msg>
<status status="PASS" starttime="20220706 19:09:27.480" endtime="20220706 19:09:27.636"/>
</kw>
<status status="PASS" starttime="20220706 19:09:15.157" endtime="20220706 19:09:27.636"/>
</kw>
<kw name="Clicar em &quot;Ver sacola&quot;" library="chico">
<kw name="Sleep" library="BuiltIn">
<arg>2</arg>
<doc>Pauses the test executed for the given time.</doc>
<msg timestamp="20220706 19:09:29.638" level="INFO">Slept 2 seconds</msg>
<status status="PASS" starttime="20220706 19:09:27.637" endtime="20220706 19:09:29.638"/>
</kw>
<kw name="Click Element" library="SeleniumLibrary">
<arg>${VERSACOLA}</arg>
<doc>Click the element identified by ``locator``.</doc>
<msg timestamp="20220706 19:09:29.639" level="INFO">Clicking element 'xpath=//div[@id='header-cart-desktop']/div/a/div'.</msg>
<status status="PASS" starttime="20220706 19:09:29.638" endtime="20220706 19:09:31.428"/>
</kw>
<status status="PASS" starttime="20220706 19:09:27.637" endtime="20220706 19:09:31.428"/>
</kw>
<kw name="Validar se a mensagem &quot;VOCÊ ESTÁ ACUMULANDO 1 PONTO NO CARTÃO FIDELIDADE!&quot; está sendo exibida" library="chico">
<kw name="Sleep" library="BuiltIn">
<arg>3</arg>
<doc>Pauses the test executed for the given time.</doc>
<msg timestamp="20220706 19:09:34.430" level="INFO">Slept 3 seconds</msg>
<status status="PASS" starttime="20220706 19:09:31.430" endtime="20220706 19:09:34.431"/>
</kw>
<kw name="Element Should Contain" library="SeleniumLibrary">
<arg>${VALIDALOYALTY}</arg>
<arg>VOCÊ ESTÁ ACUMULANDO 1 PONTO NO CARTÃO FIDELIDADE!</arg>
<doc>Verifies that element ``locator`` contains text ``expected``.</doc>
<msg timestamp="20220706 19:09:34.454" level="INFO">Element 'css=#cart-loyalty &gt; .mx-0' contains text 'VOCÊ ESTÁ ACUMULANDO 1 PONTO NO CARTÃO FIDELIDADE!'.</msg>
<status status="PASS" starttime="20220706 19:09:34.431" endtime="20220706 19:09:34.454"/>
</kw>
<status status="PASS" starttime="20220706 19:09:31.429" endtime="20220706 19:09:34.454"/>
</kw>
<kw name="Clicar em &quot;Fechar pedido&quot;" library="chico">
<kw name="Sleep" library="BuiltIn">
<arg>2</arg>
<doc>Pauses the test executed for the given time.</doc>
<msg timestamp="20220706 19:09:36.455" level="INFO">Slept 2 seconds</msg>
<status status="PASS" starttime="20220706 19:09:34.454" endtime="20220706 19:09:36.456"/>
</kw>
<kw name="Click Element" library="SeleniumLibrary">
<arg>${FECHARPEDIDO}</arg>
<doc>Click the element identified by ``locator``.</doc>
<msg timestamp="20220706 19:09:36.456" level="INFO">Clicking element 'xpath=//div[@id='cart-finish']/button[2]'.</msg>
<status status="PASS" starttime="20220706 19:09:36.456" endtime="20220706 19:09:37.920"/>
</kw>
<kw name="Sleep" library="BuiltIn">
<arg>2</arg>
<doc>Pauses the test executed for the given time.</doc>
<msg timestamp="20220706 19:09:39.921" level="INFO">Slept 2 seconds</msg>
<status status="PASS" starttime="20220706 19:09:37.920" endtime="20220706 19:09:39.922"/>
</kw>
<kw name="Close Browser" library="SeleniumLibrary">
<doc>Closes the current browser.</doc>
<status status="PASS" starttime="20220706 19:09:39.922" endtime="20220706 19:09:40.257"/>
</kw>
<status status="PASS" starttime="20220706 19:09:34.454" endtime="20220706 19:09:40.257"/>
</kw>
<status status="PASS" starttime="20220706 19:08:58.679" endtime="20220706 19:09:40.257"/>
</test>
<test id="s1-t3" name="Processo de compra de uma camiseta &quot;Erarr é humano&quot; no site do Chico Rei" line="26">
<kw name="Clicar em &quot;Concordar&quot; no aviso sobre Cookies" library="chico">
<kw name="Open Browser" library="SeleniumLibrary">
<arg>${SITE}</arg>
<arg>${NAVEGADOR}</arg>
<doc>Opens a new browser instance to the optional ``url``.</doc>
<msg timestamp="20220706 19:09:40.261" level="INFO">Opening browser 'Chrome' to base url 'https://chicorei.com/'.</msg>
<status status="PASS" starttime="20220706 19:09:40.260" endtime="20220706 19:09:44.698"/>
</kw>
<kw name="Maximize Browser Window" library="SeleniumLibrary">
<doc>Maximizes current browser window.</doc>
<status status="PASS" starttime="20220706 19:09:44.698" endtime="20220706 19:09:45.060"/>
</kw>
<kw name="Click Element" library="SeleniumLibrary">
<arg>${BOTAOCOOKIE}</arg>
<doc>Click the element identified by ``locator``.</doc>
<msg timestamp="20220706 19:09:45.061" level="INFO">Clicking element 'xpath=//button[@id='confirmPolicyButton']'.</msg>
<status status="PASS" starttime="20220706 19:09:45.060" endtime="20220706 19:09:46.106"/>
</kw>
<status status="PASS" starttime="20220706 19:09:40.259" endtime="20220706 19:09:46.106"/>
</kw>
<kw name="Pesquisar por &quot;Erarr é humano&quot; e selecionar a primeira opção da lista de resultados" library="chico">
<kw name="Sleep" library="BuiltIn">
<arg>2</arg>
<doc>Pauses the test executed for the given time.</doc>
<msg timestamp="20220706 19:09:48.117" level="INFO">Slept 2 seconds</msg>
<status status="PASS" starttime="20220706 19:09:46.107" endtime="20220706 19:09:48.117"/>
</kw>
<kw name="Click Element" library="SeleniumLibrary">
<arg>${CLICACAMPOPESQUISA}</arg>
<doc>Click the element identified by ``locator``.</doc>
<msg timestamp="20220706 19:09:48.118" level="INFO">Clicking element 'xpath=//div[@id='header-search-desktop']/form/div/label/input'.</msg>
<status status="PASS" starttime="20220706 19:09:48.118" endtime="20220706 19:09:48.204"/>
</kw>
<kw name="Input Text" library="SeleniumLibrary">
<arg>${DIGITATEXTO}</arg>
<arg>Erarr é humano</arg>
<doc>Types the given ``text`` into the text field identified by ``locator``.</doc>
<msg timestamp="20220706 19:09:48.205" level="INFO">Typing text 'Erarr é humano' into text field 'css=#header-search-input-desktop'.</msg>
<status status="PASS" starttime="20220706 19:09:48.205" endtime="20220706 19:09:48.449"/>
</kw>
<kw name="Sleep" library="BuiltIn">
<arg>2</arg>
<doc>Pauses the test executed for the given time.</doc>
<msg timestamp="20220706 19:09:50.452" level="INFO">Slept 2 seconds</msg>
<status status="PASS" starttime="20220706 19:09:48.449" endtime="20220706 19:09:50.452"/>
</kw>
<kw name="Wait Until Element Is Visible" library="SeleniumLibrary">
<arg>${SELECTPRIMEIROITEM}</arg>
<doc>Waits until the element ``locator`` is visible.</doc>
<status status="PASS" starttime="20220706 19:09:50.452" endtime="20220706 19:09:50.477"/>
</kw>
<kw name="Sleep" library="BuiltIn">
<arg>3</arg>
<doc>Pauses the test executed for the given time.</doc>
<msg timestamp="20220706 19:09:53.478" level="INFO">Slept 3 seconds</msg>
<status status="PASS" starttime="20220706 19:09:50.477" endtime="20220706 19:09:53.478"/>
</kw>
<kw name="Click Element" library="SeleniumLibrary">
<arg>${SELECTPRIMEIROITEM}</arg>
<doc>Click the element identified by ``locator``.</doc>
<msg timestamp="20220706 19:09:53.479" level="INFO">Clicking element 'xpath=//div[@id='header-search-desktop']/form/div/div/div/div/div/div[2]/div'.</msg>
<status status="PASS" starttime="20220706 19:09:53.478" endtime="20220706 19:09:55.410"/>
</kw>
<status status="PASS" starttime="20220706 19:09:46.107" endtime="20220706 19:09:55.410"/>
</kw>
<kw name="Validar se o valor do produto é &quot;R$ 69,99&quot;" library="chico">
<kw name="Sleep" library="BuiltIn">
<arg>3</arg>
<doc>Pauses the test executed for the given time.</doc>
<msg timestamp="20220706 19:09:58.413" level="INFO">Slept 3 seconds</msg>
<status status="PASS" starttime="20220706 19:09:55.411" endtime="20220706 19:09:58.413"/>
</kw>
<kw name="Element Should Contain" library="SeleniumLibrary">
<arg>${VALIDAPRECO}</arg>
<arg>R$ 69,99</arg>
<doc>Verifies that element ``locator`` contains text ``expected``.</doc>
<msg timestamp="20220706 19:09:58.446" level="INFO">Element 'xpath=//div[@id='product-main-right']/div/div[2]/div/p' contains text 'R$ 69,99'.</msg>
<status status="PASS" starttime="20220706 19:09:58.413" endtime="20220706 19:09:58.446"/>
</kw>
<status status="PASS" starttime="20220706 19:09:55.410" endtime="20220706 19:09:58.446"/>
</kw>
<kw name="Selecionar tamanho, cor e clicar em comprar" library="chico">
<kw name="Sleep" library="BuiltIn">
<arg>5</arg>
<doc>Pauses the test executed for the given time.</doc>
<msg timestamp="20220706 19:10:03.448" level="INFO">Slept 5 seconds</msg>
<status status="PASS" starttime="20220706 19:09:58.447" endtime="20220706 19:10:03.448"/>
</kw>
<kw name="Run Keyword And Ignore Error" library="BuiltIn">
<arg>Scroll Element Into View</arg>
<arg>${COMPRAR}</arg>
<doc>Runs the given keyword with the given arguments and ignores possible error.</doc>
<kw name="Scroll Element Into View" library="SeleniumLibrary">
<arg>${COMPRAR}</arg>
<doc>Scrolls the element identified by ``locator`` into view.</doc>
<msg timestamp="20220706 19:10:04.339" level="INFO" html="true">&lt;/td&gt;&lt;/tr&gt;&lt;tr&gt;&lt;td colspan="3"&gt;&lt;a href="selenium-screenshot-34.png"&gt;&lt;img src="selenium-screenshot-34.png" width="800px"&gt;&lt;/a&gt;</msg>
<msg timestamp="20220706 19:10:04.339" level="FAIL">MoveTargetOutOfBoundsException: Message: move target out of bounds
  (Session info: chrome=103.0.5060.53)
Stacktrace:
0   chromedriver                        0x000000010ddb3079 chromedriver + 4444281
1   chromedriver                        0x000000010dd3f403 chromedriver + 3970051
2   chromedriver                        0x000000010d9d9eef chromedriver + 409327
3   chromedriver                        0x000000010da48a1c chromedriver + 862748
4   chromedriver                        0x000000010da2d792 chromedriver + 751506
5   chromedriver                        0x000000010da40221 chromedriver + 827937
6   chromedriver                        0x000000010da2d683 chromedriver + 751235
7   chromedriver                        0x000000010da03a45 chromedriver + 580165
8   chromedriver                        0x000000010da04a95 chromedriver + 584341
9   chromedriver                        0x000000010dd8455d chromedriver + 4253021
10  chromedriver                        0x000000010dd893a1 chromedriver + 4273057
11  chromedriver                        0x000000010dd8e16f chromedriver + 4292975
12  chromedriver                        0x000000010dd89dea chromedriver + 4275690
13  chromedriver                        0x000000010dd6354f chromedriver + 4117839
14  chromedriver                        0x000000010dda3ed8 chromedriver + 4382424
15  chromedriver                        0x000000010dda405f chromedriver + 4382815
16  chromedriver                        0x000000010ddba8d5 chromedriver + 4475093
17  libsystem_pthread.dylib             0x00007ff81dc5f4e1 _pthread_start + 125
18  libsystem_pthread.dylib             0x00007ff81dc5af6b thread_start + 15
</msg>
<status status="FAIL" starttime="20220706 19:10:03.449" endtime="20220706 19:10:04.340"/>
</kw>
<status status="PASS" starttime="20220706 19:10:03.448" endtime="20220706 19:10:04.340"/>
</kw>
<kw name="Sleep" library="BuiltIn">
<arg>3</arg>
<doc>Pauses the test executed for the given time.</doc>
<msg timestamp="20220706 19:10:07.341" level="INFO">Slept 3 seconds</msg>
<status status="PASS" starttime="20220706 19:10:04.340" endtime="20220706 19:10:07.341"/>
</kw>
<kw name="Click Element" library="SeleniumLibrary">
<arg>${TIPOCAMISA}</arg>
<doc>Click the element identified by ``locator``.</doc>
<msg timestamp="20220706 19:10:07.342" level="INFO">Clicking element 'css=.inline-block:nth-child(2) .cr-option:nth-child(1)'.</msg>
<status status="PASS" starttime="20220706 19:10:07.341" endtime="20220706 19:10:07.395"/>
</kw>
<kw name="Sleep" library="BuiltIn">
<arg>1</arg>
<doc>Pauses the test executed for the given time.</doc>
<msg timestamp="20220706 19:10:08.396" level="INFO">Slept 1 second</msg>
<status status="PASS" starttime="20220706 19:10:07.395" endtime="20220706 19:10:08.396"/>
</kw>
<kw name="Click Element" library="SeleniumLibrary">
<arg>${TAMANHO}</arg>
<doc>Click the element identified by ``locator``.</doc>
<msg timestamp="20220706 19:10:08.397" level="INFO">Clicking element 'css=.cr-option-squared:nth-child(2)'.</msg>
<status status="PASS" starttime="20220706 19:10:08.396" endtime="20220706 19:10:08.447"/>
</kw>
<kw name="Sleep" library="BuiltIn">
<arg>1</arg>
<doc>Pauses the test executed for the given time.</doc>
<msg timestamp="20220706 19:10:09.449" level="INFO">Slept 1 second</msg>
<status status="PASS" starttime="20220706 19:10:08.447" endtime="20220706 19:10:09.449"/>
</kw>
<kw name="Click Element" library="SeleniumLibrary">
<arg>${COR}</arg>
<doc>Click the element identified by ``locator``.</doc>
<msg timestamp="20220706 19:10:09.450" level="INFO">Clicking element 'css=.cr-option:nth-child(1) &gt; .product-color-option'.</msg>
<status status="PASS" starttime="20220706 19:10:09.449" endtime="20220706 19:10:09.514"/>
</kw>
<kw name="Sleep" library="BuiltIn">
<arg>1</arg>
<doc>Pauses the test executed for the given time.</doc>
<msg timestamp="20220706 19:10:10.517" level="INFO">Slept 1 second</msg>
<status status="PASS" starttime="20220706 19:10:09.514" endtime="20220706 19:10:10.517"/>
</kw>
<kw name="Click Element" library="SeleniumLibrary">
<arg>${COMPRAR}</arg>
<doc>Click the element identified by ``locator``.</doc>
<msg timestamp="20220706 19:10:10.518" level="INFO">Clicking element 'xpath=//div[@id='product-buy-button-container']/button/span[2]'.</msg>
<status status="PASS" starttime="20220706 19:10:10.518" endtime="20220706 19:10:10.614"/>
</kw>
<status status="PASS" starttime="20220706 19:09:58.446" endtime="20220706 19:10:10.614"/>
</kw>
<kw name="Clicar em &quot;Ver sacola&quot;" library="chico">
<kw name="Sleep" library="BuiltIn">
<arg>2</arg>
<doc>Pauses the test executed for the given time.</doc>
<msg timestamp="20220706 19:10:12.616" level="INFO">Slept 2 seconds</msg>
<status status="PASS" starttime="20220706 19:10:10.615" endtime="20220706 19:10:12.616"/>
</kw>
<kw name="Click Element" library="SeleniumLibrary">
<arg>${VERSACOLA}</arg>
<doc>Click the element identified by ``locator``.</doc>
<msg timestamp="20220706 19:10:12.616" level="INFO">Clicking element 'xpath=//div[@id='header-cart-desktop']/div/a/div'.</msg>
<status status="PASS" starttime="20220706 19:10:12.616" endtime="20220706 19:10:13.955"/>
</kw>
<status status="PASS" starttime="20220706 19:10:10.615" endtime="20220706 19:10:13.955"/>
</kw>
<kw name="Validar se a mensagem &quot;De segunda a sexta, das 8h às 18h.&quot; está sendo exibida" library="chico">
<kw name="Sleep" library="BuiltIn">
<arg>2</arg>
<doc>Pauses the test executed for the given time.</doc>
<msg timestamp="20220706 19:10:15.957" level="INFO">Slept 2 seconds</msg>
<status status="PASS" starttime="20220706 19:10:13.956" endtime="20220706 19:10:15.957"/>
</kw>
<kw name="Page Should Contain" library="SeleniumLibrary">
<arg>De segunda a sexta, das 8h às 18h.</arg>
<doc>Verifies that current page contains ``text``.</doc>
<msg timestamp="20220706 19:10:15.976" level="INFO">Current page contains text 'De segunda a sexta, das 8h às 18h.'.</msg>
<status status="PASS" starttime="20220706 19:10:15.957" endtime="20220706 19:10:15.976"/>
</kw>
<status status="PASS" starttime="20220706 19:10:13.955" endtime="20220706 19:10:15.976"/>
</kw>
<kw name="Clicar em &quot;Fechar pedido&quot;" library="chico">
<kw name="Sleep" library="BuiltIn">
<arg>2</arg>
<doc>Pauses the test executed for the given time.</doc>
<msg timestamp="20220706 19:10:17.978" level="INFO">Slept 2 seconds</msg>
<status status="PASS" starttime="20220706 19:10:15.977" endtime="20220706 19:10:17.978"/>
</kw>
<kw name="Click Element" library="SeleniumLibrary">
<arg>${FECHARPEDIDO}</arg>
<doc>Click the element identified by ``locator``.</doc>
<msg timestamp="20220706 19:10:17.979" level="INFO">Clicking element 'xpath=//div[@id='cart-finish']/button[2]'.</msg>
<status status="PASS" starttime="20220706 19:10:17.978" endtime="20220706 19:10:19.715"/>
</kw>
<kw name="Sleep" library="BuiltIn">
<arg>2</arg>
<doc>Pauses the test executed for the given time.</doc>
<msg timestamp="20220706 19:10:21.716" level="INFO">Slept 2 seconds</msg>
<status status="PASS" starttime="20220706 19:10:19.715" endtime="20220706 19:10:21.716"/>
</kw>
<kw name="Close Browser" library="SeleniumLibrary">
<doc>Closes the current browser.</doc>
<status status="PASS" starttime="20220706 19:10:21.716" endtime="20220706 19:10:22.072"/>
</kw>
<status status="PASS" starttime="20220706 19:10:15.977" endtime="20220706 19:10:22.072"/>
</kw>
<status status="PASS" starttime="20220706 19:09:40.258" endtime="20220706 19:10:22.073"/>
</test>
<test id="s1-t4" name="Processo de compra de uma camiseta &quot;Nem Te Vi&quot; no site do Chico Rei" line="35">
<kw name="Clicar em &quot;Concordar&quot; no aviso sobre Cookies" library="chico">
<kw name="Open Browser" library="SeleniumLibrary">
<arg>${SITE}</arg>
<arg>${NAVEGADOR}</arg>
<doc>Opens a new browser instance to the optional ``url``.</doc>
<msg timestamp="20220706 19:10:22.081" level="INFO">Opening browser 'Chrome' to base url 'https://chicorei.com/'.</msg>
<status status="PASS" starttime="20220706 19:10:22.080" endtime="20220706 19:10:26.028"/>
</kw>
<kw name="Maximize Browser Window" library="SeleniumLibrary">
<doc>Maximizes current browser window.</doc>
<status status="PASS" starttime="20220706 19:10:26.029" endtime="20220706 19:10:26.804"/>
</kw>
<kw name="Click Element" library="SeleniumLibrary">
<arg>${BOTAOCOOKIE}</arg>
<doc>Click the element identified by ``locator``.</doc>
<msg timestamp="20220706 19:10:26.806" level="INFO">Clicking element 'xpath=//button[@id='confirmPolicyButton']'.</msg>
<status status="PASS" starttime="20220706 19:10:26.805" endtime="20220706 19:10:27.356"/>
</kw>
<status status="PASS" starttime="20220706 19:10:22.079" endtime="20220706 19:10:27.357"/>
</kw>
<kw name="Pesquisar por &quot;Nem Te Vi&quot; e selecionar a primeira opção da lista de resultados" library="chico">
<kw name="Sleep" library="BuiltIn">
<arg>2</arg>
<doc>Pauses the test executed for the given time.</doc>
<msg timestamp="20220706 19:10:29.360" level="INFO">Slept 2 seconds</msg>
<status status="PASS" starttime="20220706 19:10:27.357" endtime="20220706 19:10:29.360"/>
</kw>
<kw name="Click Element" library="SeleniumLibrary">
<arg>${CLICACAMPOPESQUISA}</arg>
<doc>Click the element identified by ``locator``.</doc>
<msg timestamp="20220706 19:10:29.361" level="INFO">Clicking element 'xpath=//div[@id='header-search-desktop']/form/div/label/input'.</msg>
<status status="PASS" starttime="20220706 19:10:29.360" endtime="20220706 19:10:29.456"/>
</kw>
<kw name="Input Text" library="SeleniumLibrary">
<arg>${DIGITATEXTO}</arg>
<arg>Nem Te Vi</arg>
<doc>Types the given ``text`` into the text field identified by ``locator``.</doc>
<msg timestamp="20220706 19:10:29.458" level="INFO">Typing text 'Nem Te Vi' into text field 'css=#header-search-input-desktop'.</msg>
<status status="PASS" starttime="20220706 19:10:29.457" endtime="20220706 19:10:29.669"/>
</kw>
<kw name="Sleep" library="BuiltIn">
<arg>2</arg>
<doc>Pauses the test executed for the given time.</doc>
<msg timestamp="20220706 19:10:31.670" level="INFO">Slept 2 seconds</msg>
<status status="PASS" starttime="20220706 19:10:29.669" endtime="20220706 19:10:31.670"/>
</kw>
<kw name="Wait Until Element Is Visible" library="SeleniumLibrary">
<arg>${SELECTPRIMEIROITEM}</arg>
<doc>Waits until the element ``locator`` is visible.</doc>
<status status="PASS" starttime="20220706 19:10:31.670" endtime="20220706 19:10:31.698"/>
</kw>
<kw name="Sleep" library="BuiltIn">
<arg>2</arg>
<doc>Pauses the test executed for the given time.</doc>
<msg timestamp="20220706 19:10:33.700" level="INFO">Slept 2 seconds</msg>
<status status="PASS" starttime="20220706 19:10:31.698" endtime="20220706 19:10:33.700"/>
</kw>
<kw name="Click Element" library="SeleniumLibrary">
<arg>${SELECTPRIMEIROITEM}</arg>
<doc>Click the element identified by ``locator``.</doc>
<msg timestamp="20220706 19:10:33.701" level="INFO">Clicking element 'xpath=//div[@id='header-search-desktop']/form/div/div/div/div/div/div[2]/div'.</msg>
<msg timestamp="20220706 19:10:36.593" level="INFO" html="true">&lt;/td&gt;&lt;/tr&gt;&lt;tr&gt;&lt;td colspan="3"&gt;&lt;a href="selenium-screenshot-35.png"&gt;&lt;img src="selenium-screenshot-35.png" width="800px"&gt;&lt;/a&gt;</msg>
<msg timestamp="20220706 19:10:36.593" level="FAIL">WebDriverException: Message: unknown error: cannot determine loading status
from unknown error: unexpected command response
  (Session info: chrome=103.0.5060.53)
Stacktrace:
0   chromedriver                        0x0000000102bbb079 chromedriver + 4444281
1   chromedriver                        0x0000000102b47403 chromedriver + 3970051
2   chromedriver                        0x00000001027e2038 chromedriver + 409656
3   chromedriver                        0x00000001027cf3c8 chromedriver + 332744
4   chromedriver                        0x00000001027ceac7 chromedriver + 330439
5   chromedriver                        0x00000001027ce047 chromedriver + 327751
6   chromedriver                        0x00000001027ccf16 chromedriver + 323350
7   chromedriver                        0x00000001027cd44c chromedriver + 324684
8   chromedriver                        0x00000001027da67e chromedriver + 378494
9   chromedriver                        0x00000001027daf22 chromedriver + 380706
10  chromedriver                        0x00000001027e95b3 chromedriver + 439731
11  chromedriver                        0x00000001027ed47a chromedriver + 455802
12  chromedriver                        0x00000001027cd77e chromedriver + 325502
13  chromedriver                        0x00000001027e91fa chromedriver + 438778
14  chromedriver                        0x000000010284862d chromedriver + 828973
15  chromedriver                        0x0000000102835683 chromedriver + 751235
16  chromedriver                        0x000000010280ba45 chromedriver + 580165
17  chromedriver                        0x000000010280ca95 chromedriver + 584341
18  chromedriver                        0x0000000102b8c55d chromedriver + 4253021
19  chromedriver                        0x0000000102b913a1 chromedriver + 4273057
20  chromedriver                        0x0000000102b9616f chromedriver + 4292975
21  chromedriver                        0x0000000102b91dea chromedriver + 4275690
22  chromedriver                        0x0000000102b6b54f chromedriver + 4117839
23  chromedriver                        0x0000000102babed8 chromedriver + 4382424
24  chromedriver                        0x0000000102bac05f chromedriver + 4382815
25  chromedriver                        0x0000000102bc28d5 chromedriver + 4475093
26  libsystem_pthread.dylib             0x00007ff81dc5f4e1 _pthread_start + 125
27  libsystem_pthread.dylib             0x00007ff81dc5af6b thread_start + 15
</msg>
<status status="FAIL" starttime="20220706 19:10:33.701" endtime="20220706 19:10:36.595"/>
</kw>
<status status="FAIL" starttime="20220706 19:10:27.357" endtime="20220706 19:10:36.595"/>
</kw>
<kw name="Validar se o valor do produto é &quot;R$ 69,99&quot;" library="chico">
<status status="NOT RUN" starttime="20220706 19:10:36.596" endtime="20220706 19:10:36.596"/>
</kw>
<kw name="Selecionar tamanho, cor e clicar em comprar" library="chico">
<status status="NOT RUN" starttime="20220706 19:10:36.597" endtime="20220706 19:10:36.597"/>
</kw>
<kw name="Clicar em &quot;Ver sacola&quot;" library="chico">
<status status="NOT RUN" starttime="20220706 19:10:36.597" endtime="20220706 19:10:36.597"/>
</kw>
<kw name="Validar se a mensagem &quot;Compre parcelado com cartão ou a vista com boleto ou depósito&quot; está sendo exibida" library="chico">
<status status="NOT RUN" starttime="20220706 19:10:36.597" endtime="20220706 19:10:36.598"/>
</kw>
<kw name="Clicar em &quot;Fechar pedido&quot;" library="chico">
<status status="NOT RUN" starttime="20220706 19:10:36.598" endtime="20220706 19:10:36.598"/>
</kw>
<status status="FAIL" starttime="20220706 19:10:22.077" endtime="20220706 19:10:36.599">WebDriverException: Message: unknown error: cannot determine loading status
from unknown error: unexpected command response
  (Session info: chrome=103.0.5060.53)
Stacktrace:
0   chromedriver                        0x0000000102bbb079 chromedriver + 4444281
1   chromedriver                        0x0000000102b47403 chromedriver + 3970051
2   chromedriver                        0x00000001027e2038 chromedriver + 409656
3   chromedriver                        0x00000001027cf3c8 chromedriver + 332744
4   chromedriver                        0x00000001027ceac7 chromedriver + 330439
5   chromedriver                        0x00000001027ce047 chromedriver + 327751
6   chromedriver                        0x00000001027ccf16 chromedriver + 323350
7   chromedriver                        0x00000001027cd44c chromedriver + 324684
    [ Message content over the limit has been removed. ]
...hromedriver                        0x000000010280ca95 chromedriver + 584341
18  chromedriver                        0x0000000102b8c55d chromedriver + 4253021
19  chromedriver                        0x0000000102b913a1 chromedriver + 4273057
20  chromedriver                        0x0000000102b9616f chromedriver + 4292975
21  chromedriver                        0x0000000102b91dea chromedriver + 4275690
22  chromedriver                        0x0000000102b6b54f chromedriver + 4117839
23  chromedriver                        0x0000000102babed8 chromedriver + 4382424
24  chromedriver                        0x0000000102bac05f chromedriver + 4382815
25  chromedriver                        0x0000000102bc28d5 chromedriver + 4475093
26  libsystem_pthread.dylib             0x00007ff81dc5f4e1 _pthread_start + 125
27  libsystem_pthread.dylib             0x00007ff81dc5af6b thread_start + 15</status>
</test>
<test id="s1-t5" name="Processo de compra de uma camiseta &quot;Alceu Dispor&quot; no site do Chico Rei" line="44">
<kw name="Clicar em &quot;Concordar&quot; no aviso sobre Cookies" library="chico">
<kw name="Open Browser" library="SeleniumLibrary">
<arg>${SITE}</arg>
<arg>${NAVEGADOR}</arg>
<doc>Opens a new browser instance to the optional ``url``.</doc>
<msg timestamp="20220706 19:10:36.602" level="INFO">Opening browser 'Chrome' to base url 'https://chicorei.com/'.</msg>
<status status="PASS" starttime="20220706 19:10:36.602" endtime="20220706 19:10:43.359"/>
</kw>
<kw name="Maximize Browser Window" library="SeleniumLibrary">
<doc>Maximizes current browser window.</doc>
<status status="PASS" starttime="20220706 19:10:43.359" endtime="20220706 19:10:43.875"/>
</kw>
<kw name="Click Element" library="SeleniumLibrary">
<arg>${BOTAOCOOKIE}</arg>
<doc>Click the element identified by ``locator``.</doc>
<msg timestamp="20220706 19:10:43.876" level="INFO">Clicking element 'xpath=//button[@id='confirmPolicyButton']'.</msg>
<status status="PASS" starttime="20220706 19:10:43.875" endtime="20220706 19:10:45.352"/>
</kw>
<status status="PASS" starttime="20220706 19:10:36.601" endtime="20220706 19:10:45.353"/>
</kw>
<kw name="Pesquisar por &quot;Alceu Dispor&quot; e selecionar a primeira opção da lista de resultados" library="chico">
<kw name="Sleep" library="BuiltIn">
<arg>2</arg>
<doc>Pauses the test executed for the given time.</doc>
<msg timestamp="20220706 19:10:47.355" level="INFO">Slept 2 seconds</msg>
<status status="PASS" starttime="20220706 19:10:45.354" endtime="20220706 19:10:47.355"/>
</kw>
<kw name="Click Element" library="SeleniumLibrary">
<arg>${CLICACAMPOPESQUISA}</arg>
<doc>Click the element identified by ``locator``.</doc>
<msg timestamp="20220706 19:10:47.356" level="INFO">Clicking element 'xpath=//div[@id='header-search-desktop']/form/div/label/input'.</msg>
<status status="PASS" starttime="20220706 19:10:47.355" endtime="20220706 19:10:47.442"/>
</kw>
<kw name="Input Text" library="SeleniumLibrary">
<arg>${DIGITATEXTO}</arg>
<arg>Alceu Dispor</arg>
<doc>Types the given ``text`` into the text field identified by ``locator``.</doc>
<msg timestamp="20220706 19:10:47.443" level="INFO">Typing text 'Alceu Dispor' into text field 'css=#header-search-input-desktop'.</msg>
<status status="PASS" starttime="20220706 19:10:47.443" endtime="20220706 19:10:47.750"/>
</kw>
<kw name="Sleep" library="BuiltIn">
<arg>2</arg>
<doc>Pauses the test executed for the given time.</doc>
<msg timestamp="20220706 19:10:49.752" level="INFO">Slept 2 seconds</msg>
<status status="PASS" starttime="20220706 19:10:47.750" endtime="20220706 19:10:49.752"/>
</kw>
<kw name="Wait Until Element Is Visible" library="SeleniumLibrary">
<arg>${SELECTPRIMEIROITEM}</arg>
<doc>Waits until the element ``locator`` is visible.</doc>
<status status="PASS" starttime="20220706 19:10:49.752" endtime="20220706 19:10:49.779"/>
</kw>
<kw name="Sleep" library="BuiltIn">
<arg>2</arg>
<doc>Pauses the test executed for the given time.</doc>
<msg timestamp="20220706 19:10:51.780" level="INFO">Slept 2 seconds</msg>
<status status="PASS" starttime="20220706 19:10:49.779" endtime="20220706 19:10:51.780"/>
</kw>
<kw name="Click Element" library="SeleniumLibrary">
<arg>${SELECTPRIMEIROITEM}</arg>
<doc>Click the element identified by ``locator``.</doc>
<msg timestamp="20220706 19:10:51.781" level="INFO">Clicking element 'xpath=//div[@id='header-search-desktop']/form/div/div/div/div/div/div[2]/div'.</msg>
<status status="PASS" starttime="20220706 19:10:51.781" endtime="20220706 19:10:53.852"/>
</kw>
<status status="PASS" starttime="20220706 19:10:45.354" endtime="20220706 19:10:53.852"/>
</kw>
<kw name="Validar se o valor do produto é &quot;R$ 69,99&quot;" library="chico">
<kw name="Sleep" library="BuiltIn">
<arg>3</arg>
<doc>Pauses the test executed for the given time.</doc>
<msg timestamp="20220706 19:10:56.855" level="INFO">Slept 3 seconds</msg>
<status status="PASS" starttime="20220706 19:10:53.853" endtime="20220706 19:10:56.855"/>
</kw>
<kw name="Element Should Contain" library="SeleniumLibrary">
<arg>${VALIDAPRECO}</arg>
<arg>R$ 69,99</arg>
<doc>Verifies that element ``locator`` contains text ``expected``.</doc>
<msg timestamp="20220706 19:10:56.887" level="INFO">Element 'xpath=//div[@id='product-main-right']/div/div[2]/div/p' contains text 'R$ 69,99'.</msg>
<status status="PASS" starttime="20220706 19:10:56.855" endtime="20220706 19:10:56.887"/>
</kw>
<status status="PASS" starttime="20220706 19:10:53.852" endtime="20220706 19:10:56.888"/>
</kw>
<kw name="Selecionar tamanho P, cor e clicar em comprar" library="chico">
<kw name="Sleep" library="BuiltIn">
<arg>5</arg>
<doc>Pauses the test executed for the given time.</doc>
<msg timestamp="20220706 19:11:01.890" level="INFO">Slept 5 seconds</msg>
<status status="PASS" starttime="20220706 19:10:56.888" endtime="20220706 19:11:01.890"/>
</kw>
<kw name="Run Keyword And Ignore Error" library="BuiltIn">
<arg>Scroll Element Into View</arg>
<arg>${COMPRAR}</arg>
<doc>Runs the given keyword with the given arguments and ignores possible error.</doc>
<kw name="Scroll Element Into View" library="SeleniumLibrary">
<arg>${COMPRAR}</arg>
<doc>Scrolls the element identified by ``locator`` into view.</doc>
<msg timestamp="20220706 19:11:02.852" level="INFO" html="true">&lt;/td&gt;&lt;/tr&gt;&lt;tr&gt;&lt;td colspan="3"&gt;&lt;a href="selenium-screenshot-36.png"&gt;&lt;img src="selenium-screenshot-36.png" width="800px"&gt;&lt;/a&gt;</msg>
<msg timestamp="20220706 19:11:02.853" level="FAIL">MoveTargetOutOfBoundsException: Message: move target out of bounds
  (Session info: chrome=103.0.5060.53)
Stacktrace:
0   chromedriver                        0x0000000103b01079 chromedriver + 4444281
1   chromedriver                        0x0000000103a8d403 chromedriver + 3970051
2   chromedriver                        0x0000000103727eef chromedriver + 409327
3   chromedriver                        0x0000000103796a1c chromedriver + 862748
4   chromedriver                        0x000000010377b792 chromedriver + 751506
5   chromedriver                        0x000000010378e221 chromedriver + 827937
6   chromedriver                        0x000000010377b683 chromedriver + 751235
7   chromedriver                        0x0000000103751a45 chromedriver + 580165
8   chromedriver                        0x0000000103752a95 chromedriver + 584341
9   chromedriver                        0x0000000103ad255d chromedriver + 4253021
10  chromedriver                        0x0000000103ad73a1 chromedriver + 4273057
11  chromedriver                        0x0000000103adc16f chromedriver + 4292975
12  chromedriver                        0x0000000103ad7dea chromedriver + 4275690
13  chromedriver                        0x0000000103ab154f chromedriver + 4117839
14  chromedriver                        0x0000000103af1ed8 chromedriver + 4382424
15  chromedriver                        0x0000000103af205f chromedriver + 4382815
16  chromedriver                        0x0000000103b088d5 chromedriver + 4475093
17  libsystem_pthread.dylib             0x00007ff81dc5f4e1 _pthread_start + 125
18  libsystem_pthread.dylib             0x00007ff81dc5af6b thread_start + 15
</msg>
<status status="FAIL" starttime="20220706 19:11:01.891" endtime="20220706 19:11:02.853"/>
</kw>
<status status="PASS" starttime="20220706 19:11:01.891" endtime="20220706 19:11:02.853"/>
</kw>
<kw name="Sleep" library="BuiltIn">
<arg>3</arg>
<doc>Pauses the test executed for the given time.</doc>
<msg timestamp="20220706 19:11:05.855" level="INFO">Slept 3 seconds</msg>
<status status="PASS" starttime="20220706 19:11:02.854" endtime="20220706 19:11:05.855"/>
</kw>
<kw name="Click Element" library="SeleniumLibrary">
<arg>${TIPOCAMISA}</arg>
<doc>Click the element identified by ``locator``.</doc>
<msg timestamp="20220706 19:11:05.856" level="INFO">Clicking element 'css=.inline-block:nth-child(2) .cr-option:nth-child(1)'.</msg>
<status status="PASS" starttime="20220706 19:11:05.856" endtime="20220706 19:11:05.915"/>
</kw>
<kw name="Sleep" library="BuiltIn">
<arg>1</arg>
<doc>Pauses the test executed for the given time.</doc>
<msg timestamp="20220706 19:11:06.918" level="INFO">Slept 1 second</msg>
<status status="PASS" starttime="20220706 19:11:05.916" endtime="20220706 19:11:06.918"/>
</kw>
<kw name="Click Element" library="SeleniumLibrary">
<arg>${TAMANHOP}</arg>
<doc>Click the element identified by ``locator``.</doc>
<msg timestamp="20220706 19:11:06.919" level="INFO">Clicking element 'css=.cr-option-squared:nth-child(1)'.</msg>
<status status="PASS" starttime="20220706 19:11:06.918" endtime="20220706 19:11:06.975"/>
</kw>
<kw name="Sleep" library="BuiltIn">
<arg>1</arg>
<doc>Pauses the test executed for the given time.</doc>
<msg timestamp="20220706 19:11:07.977" level="INFO">Slept 1 second</msg>
<status status="PASS" starttime="20220706 19:11:06.976" endtime="20220706 19:11:07.977"/>
</kw>
<kw name="Click Element" library="SeleniumLibrary">
<arg>${COR}</arg>
<doc>Click the element identified by ``locator``.</doc>
<msg timestamp="20220706 19:11:07.978" level="INFO">Clicking element 'css=.cr-option:nth-child(1) &gt; .product-color-option'.</msg>
<status status="PASS" starttime="20220706 19:11:07.977" endtime="20220706 19:11:08.034"/>
</kw>
<kw name="Sleep" library="BuiltIn">
<arg>1</arg>
<doc>Pauses the test executed for the given time.</doc>
<msg timestamp="20220706 19:11:09.037" level="INFO">Slept 1 second</msg>
<status status="PASS" starttime="20220706 19:11:08.034" endtime="20220706 19:11:09.037"/>
</kw>
<kw name="Click Element" library="SeleniumLibrary">
<arg>${COMPRAR}</arg>
<doc>Click the element identified by ``locator``.</doc>
<msg timestamp="20220706 19:11:09.038" level="INFO">Clicking element 'xpath=//div[@id='product-buy-button-container']/button/span[2]'.</msg>
<status status="PASS" starttime="20220706 19:11:09.037" endtime="20220706 19:11:09.141"/>
</kw>
<status status="PASS" starttime="20220706 19:10:56.888" endtime="20220706 19:11:09.142"/>
</kw>
<kw name="Clicar em &quot;Ver sacola&quot;" library="chico">
<kw name="Sleep" library="BuiltIn">
<arg>2</arg>
<doc>Pauses the test executed for the given time.</doc>
<msg timestamp="20220706 19:11:11.143" level="INFO">Slept 2 seconds</msg>
<status status="PASS" starttime="20220706 19:11:09.143" endtime="20220706 19:11:11.144"/>
</kw>
<kw name="Click Element" library="SeleniumLibrary">
<arg>${VERSACOLA}</arg>
<doc>Click the element identified by ``locator``.</doc>
<msg timestamp="20220706 19:11:11.144" level="INFO">Clicking element 'xpath=//div[@id='header-cart-desktop']/div/a/div'.</msg>
<status status="PASS" starttime="20220706 19:11:11.144" endtime="20220706 19:11:12.045"/>
</kw>
<status status="PASS" starttime="20220706 19:11:09.142" endtime="20220706 19:11:12.046"/>
</kw>
<kw name="Validar se a mensagem &quot;Sua primeira troca na Chico Rei é por nossa conta!&quot; está sendo exibida" library="chico">
<kw name="Sleep" library="BuiltIn">
<arg>2</arg>
<doc>Pauses the test executed for the given time.</doc>
<msg timestamp="20220706 19:11:14.047" level="INFO">Slept 2 seconds</msg>
<status status="PASS" starttime="20220706 19:11:12.047" endtime="20220706 19:11:14.047"/>
</kw>
<kw name="Page Should Contain" library="SeleniumLibrary">
<arg>Sua primeira troca na Chico Rei é por nossa conta!</arg>
<doc>Verifies that current page contains ``text``.</doc>
<msg timestamp="20220706 19:11:14.073" level="INFO">Current page contains text 'Sua primeira troca na Chico Rei é por nossa conta!'.</msg>
<status status="PASS" starttime="20220706 19:11:14.048" endtime="20220706 19:11:14.074"/>
</kw>
<status status="PASS" starttime="20220706 19:11:12.046" endtime="20220706 19:11:14.074"/>
</kw>
<kw name="Clicar em &quot;Fechar pedido&quot;" library="chico">
<kw name="Sleep" library="BuiltIn">
<arg>2</arg>
<doc>Pauses the test executed for the given time.</doc>
<msg timestamp="20220706 19:11:16.076" level="INFO">Slept 2 seconds</msg>
<status status="PASS" starttime="20220706 19:11:14.075" endtime="20220706 19:11:16.077"/>
</kw>
<kw name="Click Element" library="SeleniumLibrary">
<arg>${FECHARPEDIDO}</arg>
<doc>Click the element identified by ``locator``.</doc>
<msg timestamp="20220706 19:11:16.077" level="INFO">Clicking element 'xpath=//div[@id='cart-finish']/button[2]'.</msg>
<status status="PASS" starttime="20220706 19:11:16.077" endtime="20220706 19:11:17.623"/>
</kw>
<kw name="Sleep" library="BuiltIn">
<arg>2</arg>
<doc>Pauses the test executed for the given time.</doc>
<msg timestamp="20220706 19:11:19.625" level="INFO">Slept 2 seconds</msg>
<status status="PASS" starttime="20220706 19:11:17.623" endtime="20220706 19:11:19.625"/>
</kw>
<kw name="Close Browser" library="SeleniumLibrary">
<doc>Closes the current browser.</doc>
<status status="PASS" starttime="20220706 19:11:19.625" endtime="20220706 19:11:19.868"/>
</kw>
<status status="PASS" starttime="20220706 19:11:14.074" endtime="20220706 19:11:19.869"/>
</kw>
<status status="PASS" starttime="20220706 19:10:36.601" endtime="20220706 19:11:19.869"/>
</test>
<status status="FAIL" starttime="20220706 19:08:12.286" endtime="20220706 19:11:19.871"/>
</suite>
<statistics>
<total>
<stat pass="4" fail="1" skip="0">All Tests</stat>
</total>
<tag>
</tag>
<suite>
<stat pass="4" fail="1" skip="0" id="s1" name="Chico">Chico</stat>
</suite>
</statistics>
<errors>
</errors>
</robot>
